<?xml version="1.0" encoding="UTF-8"?>
<coverage generated="1661275347116" clover="3.2.0">
  <project timestamp="1661275347117" name="All files">
    <metrics statements="33" coveredstatements="27" conditionals="0" coveredconditionals="0" methods="15" coveredmethods="10" elements="48" coveredelements="37" complexity="0" loc="33" ncloc="33" packages="1" files="2" classes="2"/>
    <file name="Controller.ts" path="/home/acontreras/Documents/PetProjectTesting/Typescript/Controller.ts">
      <metrics statements="31" coveredstatements="25" conditionals="0" coveredconditionals="0" methods="15" coveredmethods="10"/>
      <line num="1" count="1" type="stmt"/>
      <line num="3" count="1" type="stmt"/>
      <line num="11" count="2" type="stmt"/>
      <line num="12" count="2" type="stmt"/>
      <line num="13" count="2" type="stmt"/>
      <line num="14" count="1" type="stmt"/>
      <line num="15" count="1" type="stmt"/>
      <line num="17" count="1" type="stmt"/>
      <line num="21" count="1" type="stmt"/>
      <line num="22" count="3" type="stmt"/>
      <line num="23" count="12" type="stmt"/>
      <line num="29" count="3" type="stmt"/>
      <line num="32" count="1" type="stmt"/>
      <line num="33" count="3" type="stmt"/>
      <line num="35" count="12" type="stmt"/>
      <line num="39" count="3" type="stmt"/>
      <line num="42" count="1" type="stmt"/>
      <line num="43" count="12" type="stmt"/>
      <line num="45" count="3" type="stmt"/>
      <line num="48" count="1" type="stmt"/>
      <line num="49" count="3" type="stmt"/>
      <line num="52" count="16" type="stmt"/>
      <line num="56" count="3" type="stmt"/>
      <line num="59" count="1" type="stmt"/>
      <line num="60" count="0" type="stmt"/>
      <line num="62" count="0" type="stmt"/>
      <line num="65" count="1" type="stmt"/>
      <line num="66" count="0" type="stmt"/>
      <line num="67" count="0" type="stmt"/>
      <line num="68" count="0" type="stmt"/>
      <line num="70" count="0" type="stmt"/>
    </file>
    <file name="dataTest.ts" path="/home/acontreras/Documents/PetProjectTesting/Typescript/dataTest.ts">
      <metrics statements="2" coveredstatements="2" conditionals="0" coveredconditionals="0" methods="0" coveredmethods="0"/>
      <line num="1" count="1" type="stmt"/>
      <line num="106" count="1" type="stmt"/>
    </file>
  </project>
</coverage>
