{"/home/acontreras/Documents/PetProjectTesting/Typescript/Controller.ts": {"path":"/home/acontreras/Documents/PetProjectTesting/Typescript/Controller.ts","statementMap":{"0":{"start":{"line":1,"column":0},"end":{"line":1,"column":26}},"1":{"start":{"line":3,"column":13},"end":{"line":3,"column":74}},"2":{"start":{"line":11,"column":20},"end":{"line":19,"column":2}},"3":{"start":{"line":11,"column":31},"end":{"line":19,"column":2}},"4":{"start":{"line":12,"column":2},"end":{"line":18,"column":null}},"5":{"start":{"line":13,"column":21},"end":{"line":13,"column":46}},"6":{"start":{"line":14,"column":22},"end":{"line":14,"column":35}},"7":{"start":{"line":15,"column":4},"end":{"line":15,"column":21}},"8":{"start":{"line":17,"column":4},"end":{"line":17,"column":14}},"9":{"start":{"line":11,"column":13},"end":{"line":11,"column":20}},"10":{"start":{"line":21,"column":26},"end":{"line":30,"column":1}},"11":{"start":{"line":22,"column":23},"end":{"line":28,"column":4}},"12":{"start":{"line":23,"column":4},"end":{"line":27,"column":6}},"13":{"start":{"line":29,"column":2},"end":{"line":29,"column":22}},"14":{"start":{"line":21,"column":13},"end":{"line":21,"column":26}},"15":{"start":{"line":32,"column":24},"end":{"line":40,"column":1}},"16":{"start":{"line":33,"column":19},"end":{"line":36,"column":null}},"17":{"start":{"line":35,"column":6},"end":{"line":35,"column":50}},"18":{"start":{"line":39,"column":2},"end":{"line":39,"column":18}},"19":{"start":{"line":32,"column":13},"end":{"line":32,"column":24}},"20":{"start":{"line":42,"column":29},"end":{"line":46,"column":1}},"21":{"start":{"line":43,"column":25},"end":{"line":43,"column":68}},"22":{"start":{"line":43,"column":53},"end":{"line":43,"column":67}},"23":{"start":{"line":45,"column":2},"end":{"line":45,"column":24}},"24":{"start":{"line":42,"column":13},"end":{"line":42,"column":29}},"25":{"start":{"line":48,"column":28},"end":{"line":57,"column":1}},"26":{"start":{"line":49,"column":22},"end":{"line":54,"column":16}},"27":{"start":{"line":52,"column":8},"end":{"line":52,"column":71}},"28":{"start":{"line":56,"column":2},"end":{"line":56,"column":21}},"29":{"start":{"line":48,"column":13},"end":{"line":48,"column":28}},"30":{"start":{"line":59,"column":25},"end":{"line":63,"column":1}},"31":{"start":{"line":60,"column":20},"end":{"line":60,"column":74}},"32":{"start":{"line":60,"column":42},"end":{"line":60,"column":61}},"33":{"start":{"line":62,"column":2},"end":{"line":62,"column":19}},"34":{"start":{"line":59,"column":13},"end":{"line":59,"column":25}},"35":{"start":{"line":65,"column":32},"end":{"line":71,"column":1}},"36":{"start":{"line":66,"column":21},"end":{"line":68,"column":49}},"37":{"start":{"line":67,"column":22},"end":{"line":67,"column":52}},"38":{"start":{"line":68,"column":28},"end":{"line":68,"column":48}},"39":{"start":{"line":70,"column":2},"end":{"line":70,"column":20}},"40":{"start":{"line":65,"column":13},"end":{"line":65,"column":32}}},"fnMap":{"0":{"name":"(anonymous_7)","decl":{"start":{"line":11,"column":20},"end":{"line":11,"column":29}},"loc":{"start":{"line":11,"column":31},"end":{"line":19,"column":2}}},"1":{"name":"(anonymous_8)","decl":{"start":{"line":11,"column":31},"end":{"line":11,"column":null}},"loc":{"start":{"line":11,"column":31},"end":{"line":19,"column":1}}},"2":{"name":"(anonymous_9)","decl":{"start":{"line":21,"column":26},"end":{"line":21,"column":27}},"loc":{"start":{"line":21,"column":66},"end":{"line":30,"column":1}}},"3":{"name":"(anonymous_10)","decl":{"start":{"line":22,"column":32},"end":{"line":22,"column":33}},"loc":{"start":{"line":22,"column":46},"end":{"line":28,"column":3}}},"4":{"name":"(anonymous_11)","decl":{"start":{"line":32,"column":24},"end":{"line":32,"column":25}},"loc":{"start":{"line":32,"column":41},"end":{"line":40,"column":1}}},"5":{"name":"(anonymous_12)","decl":{"start":{"line":34,"column":4},"end":{"line":34,"column":5}},"loc":{"start":{"line":35,"column":6},"end":{"line":35,"column":50}}},"6":{"name":"(anonymous_13)","decl":{"start":{"line":42,"column":29},"end":{"line":42,"column":30}},"loc":{"start":{"line":42,"column":46},"end":{"line":46,"column":1}}},"7":{"name":"(anonymous_14)","decl":{"start":{"line":43,"column":37},"end":{"line":43,"column":38}},"loc":{"start":{"line":43,"column":53},"end":{"line":43,"column":67}}},"8":{"name":"(anonymous_15)","decl":{"start":{"line":48,"column":28},"end":{"line":48,"column":29}},"loc":{"start":{"line":48,"column":45},"end":{"line":57,"column":1}}},"9":{"name":"(anonymous_16)","decl":{"start":{"line":51,"column":6},"end":{"line":51,"column":7}},"loc":{"start":{"line":52,"column":8},"end":{"line":52,"column":71}}},"10":{"name":"(anonymous_17)","decl":{"start":{"line":59,"column":25},"end":{"line":59,"column":26}},"loc":{"start":{"line":59,"column":42},"end":{"line":63,"column":1}}},"11":{"name":"(anonymous_18)","decl":{"start":{"line":60,"column":30},"end":{"line":60,"column":31}},"loc":{"start":{"line":60,"column":42},"end":{"line":60,"column":61}}},"12":{"name":"(anonymous_19)","decl":{"start":{"line":65,"column":32},"end":{"line":65,"column":33}},"loc":{"start":{"line":65,"column":49},"end":{"line":71,"column":1}}},"13":{"name":"(anonymous_20)","decl":{"start":{"line":67,"column":10},"end":{"line":67,"column":11}},"loc":{"start":{"line":67,"column":22},"end":{"line":67,"column":52}}},"14":{"name":"(anonymous_21)","decl":{"start":{"line":68,"column":12},"end":{"line":68,"column":13}},"loc":{"start":{"line":68,"column":28},"end":{"line":68,"column":48}}}},"branchMap":{},"s":{"0":1,"1":1,"2":1,"3":2,"4":2,"5":2,"6":1,"7":1,"8":1,"9":1,"10":1,"11":3,"12":12,"13":3,"14":1,"15":1,"16":3,"17":12,"18":3,"19":1,"20":1,"21":3,"22":12,"23":3,"24":1,"25":1,"26":3,"27":16,"28":3,"29":1,"30":1,"31":0,"32":0,"33":0,"34":1,"35":1,"36":0,"37":0,"38":0,"39":0,"40":1},"f":{"0":2,"1":2,"2":3,"3":12,"4":3,"5":12,"6":3,"7":12,"8":3,"9":16,"10":0,"11":0,"12":0,"13":0,"14":0},"b":{}}
,"/home/acontreras/Documents/PetProjectTesting/Typescript/dataTest.ts": {"path":"/home/acontreras/Documents/PetProjectTesting/Typescript/dataTest.ts","statementMap":{"0":{"start":{"line":1,"column":13},"end":{"line":104,"column":2}},"1":{"start":{"line":106,"column":13},"end":{"line":137,"column":2}}},"fnMap":{},"branchMap":{},"s":{"0":1,"1":1},"f":{},"b":{}}
}
