TN:
SF:Controller.ts
FN:11,(anonymous_7)
FN:11,(anonymous_8)
FN:21,(anonymous_9)
FN:22,(anonymous_10)
FN:32,(anonymous_11)
FN:34,(anonymous_12)
FN:42,(anonymous_13)
FN:43,(anonymous_14)
FN:48,(anonymous_15)
FN:51,(anonymous_16)
FN:59,(anonymous_17)
FN:60,(anonymous_18)
FN:65,(anonymous_19)
FN:67,(anonymous_20)
FN:68,(anonymous_21)
FNF:15
FNH:10
FNDA:2,(anonymous_7)
FNDA:2,(anonymous_8)
FNDA:3,(anonymous_9)
FNDA:12,(anonymous_10)
FNDA:3,(anonymous_11)
FNDA:12,(anonymous_12)
FNDA:3,(anonymous_13)
FNDA:12,(anonymous_14)
FNDA:3,(anonymous_15)
FNDA:16,(anonymous_16)
FNDA:0,(anonymous_17)
FNDA:0,(anonymous_18)
FNDA:0,(anonymous_19)
FNDA:0,(anonymous_20)
FNDA:0,(anonymous_21)
DA:1,1
DA:3,1
DA:11,2
DA:12,2
DA:13,2
DA:14,1
DA:15,1
DA:17,1
DA:21,1
DA:22,3
DA:23,12
DA:29,3
DA:32,1
DA:33,3
DA:35,12
DA:39,3
DA:42,1
DA:43,12
DA:45,3
DA:48,1
DA:49,3
DA:52,16
DA:56,3
DA:59,1
DA:60,0
DA:62,0
DA:65,1
DA:66,0
DA:67,0
DA:68,0
DA:70,0
LF:31
LH:25
BRF:0
BRH:0
end_of_record
TN:
SF:dataTest.ts
FNF:0
FNH:0
DA:1,1
DA:106,1
LF:2
LH:2
BRF:0
BRH:0
end_of_record
